SF:lib/core/helpers/datetime_factory.dart
DA:5,0
DA:6,0
LF:2
LH:0
end_of_record
SF:lib/features/task/data/model/task_model.dart
DA:4,0
DA:12,0
DA:13,0
DA:14,0
DA:15,0
DA:16,0
DA:17,0
DA:20,0
DA:21,0
DA:22,0
DA:23,0
DA:24,0
DA:25,0
LF:13
LH:0
end_of_record
SF:lib/features/task/domain/entity/task_entity.dart
DA:4,0
DA:16,0
DA:17,0
DA:18,0
DA:19,0
DA:20,0
DA:21,0
DA:22,0
LF:8
LH:0
end_of_record
SF:lib/core/error/failure.dart
DA:4,0
DA:7,0
DA:8,0
DA:12,0
DA:16,0
DA:20,0
LF:6
LH:0
end_of_record
SF:lib/features/task/domain/usecases/find_tasks.dart
DA:10,0
DA:13,0
DA:15,0
DA:20,0
DA:21,0
LF:5
LH:0
end_of_record
SF:lib/features/task/presentation/bloc/task_event.dart
DA:4,0
DA:6,0
DA:7,0
LF:3
LH:0
end_of_record
SF:lib/features/task/presentation/bloc/task_state.dart
DA:3,1
DA:6,1
DA:16,0
DA:18,0
DA:19,0
DA:20,0
DA:21,0
DA:24,0
DA:25,0
DA:26,0
DA:27,0
DA:28,0
DA:33,1
LF:13
LH:3
end_of_record
SF:lib/features/task/presentation/bloc/task_bloc.dart
DA:13,0
DA:14,0
DA:17,0
DA:21,0
DA:22,0
DA:26,0
DA:28,0
DA:29,0
DA:30,0
DA:32,0
DA:33,0
LF:11
LH:0
end_of_record
SF:lib/features/task/domain/usecases/find_todays_tasks.dart
DA:11,0
DA:12,0
DA:15,0
DA:16,0
DA:17,0
DA:18,0
LF:6
LH:0
end_of_record
